Arguments: 
  C:\Program Files\nodejs\node.exe C:\Users\79512\AppData\Roaming\npm\node_modules\yarn\bin\yarn.js start

PATH: 
  C:\Program Files (x86)\Common Files\Oracle\Java\javapath;C:\Windows\system32;C:\Windows;C:\Windows\System32\Wbem;C:\Windows\System32\WindowsPowerShell\v1.0\;C:\Windows\System32\OpenSSH\;C:\Program Files\nodejs\;C:\Program Files\Git\cmd;C:\Users\79512\AppData\Local\Microsoft\WindowsApps;C:\Users\79512\AppData\Local\Programs\Microsoft VS Code\bin;C:\Users\79512\AppData\Roaming\npm;C:\Program Files\Java\jdk1.8.0_281\bin;

Yarn version: 
  1.22.10

Node version: 
  14.16.0

Platform: 
  win32 x64

Trace: 
  SyntaxError: C:\Users\79512\Desktop\pet\shop\server\MERN_COURSE\backend\package.json: Unexpected token } in JSON at position 136
      at JSON.parse (<anonymous>)
      at C:\Users\79512\AppData\Roaming\npm\node_modules\yarn\lib\cli.js:1625:59
      at Generator.next (<anonymous>)
      at step (C:\Users\79512\AppData\Roaming\npm\node_modules\yarn\lib\cli.js:310:30)
      at C:\Users\79512\AppData\Roaming\npm\node_modules\yarn\lib\cli.js:321:13

npm manifest: 
  {
    "name": "backend",
    "version": "1.0.0",
    "description": "",
    "main": "index.js",
    "scripts": {
      "start": "nodemon app.js",
    },
    "keywords": [],
    "author": "",
    "license": "ISC",
    "dependencies": {
      "nodemon": "^2.0.7"
    }
  }

yarn manifest: 
  No manifest

Lockfile: 
  No lockfile
